<?xml version="1.0" encoding="UTF-8"?>
<!-- Generated by org.testng.reporters.JUnitReportReporter -->
<testsuite skipped="0" hostname="DESKTOP-3UA4SKP" name="p19_09_2022.Zadatak1" tests="3" failures="0" timestamp="2022-09-19T20:46:44 CEST" time="7.659" errors="0">
  <testcase name="visitLoginPageFromNavBar" time="3.492" classname="p19_09_2022.Zadatak1"/>
  <system-out/>
  <testcase name="checkInputTypes" time="1.576" classname="p19_09_2022.Zadatak1"/>
  <system-out/>
  <testcase name="displayErrorWhenCredentialsAreWrong" time="2.591" classname="p19_09_2022.Zadatak1"/>
  <system-out/>
</testsuite> <!-- p19_09_2022.Zadatak1 -->
