<?xml version="1.0" encoding="UTF-8"?>
<!-- Generated by org.testng.reporters.JUnitReportReporter -->
<testsuite skipped="0" hostname="DESKTOP-3UA4SKP" name="d19_09_2022.BootstrapTableTests" tests="3" failures="0" timestamp="2022-09-20T17:02:00 CEST" time="14.987" errors="0">
  <testcase name="editRow" time="2.623" classname="d19_09_2022.BootstrapTableTests"/>
  <system-out/>
  <testcase name="deleteRow" time="9.833" classname="d19_09_2022.BootstrapTableTests"/>
  <system-out/>
  <testcase name="takeAScreenshot" time="2.531" classname="d19_09_2022.BootstrapTableTests"/>
  <system-out/>
</testsuite> <!-- d19_09_2022.BootstrapTableTests -->
